<?xml version="1.0" encoding="UTF-8"?>
<testsuite name="com.practice.board.BoardApplicationTests" tests="1" skipped="0" failures="0" errors="0" timestamp="2022-06-16T02:03:06" hostname="LAPTOP-779SPLH1" time="0.083">
  <properties/>
  <testcase name="contextLoad()" classname="com.practice.board.BoardApplicationTests" time="0.083"/>
  <system-out><![CDATA[11:03:00.090 [Test worker] DEBUG org.springframework.test.context.BootstrapUtils - Instantiating CacheAwareContextLoaderDelegate from class [org.springframework.test.context.cache.DefaultCacheAwareContextLoaderDelegate]
11:03:00.100 [Test worker] DEBUG org.springframework.test.context.BootstrapUtils - Instantiating BootstrapContext using constructor [public org.springframework.test.context.support.DefaultBootstrapContext(java.lang.Class,org.springframework.test.context.CacheAwareContextLoaderDelegate)]
11:03:00.140 [Test worker] DEBUG org.springframework.test.context.BootstrapUtils - Instantiating TestContextBootstrapper for test class [com.practice.board.BoardApplicationTests] from class [org.springframework.boot.test.context.SpringBootTestContextBootstrapper]
11:03:00.155 [Test worker] INFO org.springframework.boot.test.context.SpringBootTestContextBootstrapper - Neither @ContextConfiguration nor @ContextHierarchy found for test class [com.practice.board.BoardApplicationTests], using SpringBootContextLoader
11:03:00.158 [Test worker] DEBUG org.springframework.test.context.support.AbstractContextLoader - Did not detect default resource location for test class [com.practice.board.BoardApplicationTests]: class path resource [com/practice/board/BoardApplicationTests-context.xml] does not exist
11:03:00.158 [Test worker] DEBUG org.springframework.test.context.support.AbstractContextLoader - Did not detect default resource location for test class [com.practice.board.BoardApplicationTests]: class path resource [com/practice/board/BoardApplicationTestsContext.groovy] does not exist
11:03:00.159 [Test worker] INFO org.springframework.test.context.support.AbstractContextLoader - Could not detect default resource locations for test class [com.practice.board.BoardApplicationTests]: no resource found for suffixes {-context.xml, Context.groovy}.
11:03:00.159 [Test worker] INFO org.springframework.test.context.support.AnnotationConfigContextLoaderUtils - Could not detect default configuration classes for test class [com.practice.board.BoardApplicationTests]: BoardApplicationTests does not declare any static, non-private, non-final, nested classes annotated with @Configuration.
11:03:00.200 [Test worker] DEBUG org.springframework.test.context.support.ActiveProfilesUtils - Could not find an 'annotation declaring class' for annotation type [org.springframework.test.context.ActiveProfiles] and class [com.practice.board.BoardApplicationTests]
11:03:00.259 [Test worker] DEBUG org.springframework.context.annotation.ClassPathScanningCandidateComponentProvider - Identified candidate component class: file [C:\Users\DSM2022\Desktop\github\study\backend\springboot\board\build\classes\java\main\com\practice\board\BoardApplication.class]
11:03:00.260 [Test worker] INFO org.springframework.boot.test.context.SpringBootTestContextBootstrapper - Found @SpringBootConfiguration com.practice.board.BoardApplication for test class com.practice.board.BoardApplicationTests
11:03:00.363 [Test worker] DEBUG org.springframework.boot.test.context.SpringBootTestContextBootstrapper - @TestExecutionListeners is not present for class [com.practice.board.BoardApplicationTests]: using defaults.
11:03:00.364 [Test worker] INFO org.springframework.boot.test.context.SpringBootTestContextBootstrapper - Loaded default TestExecutionListener class names from location [META-INF/spring.factories]: [org.springframework.boot.test.autoconfigure.restdocs.RestDocsTestExecutionListener, org.springframework.boot.test.autoconfigure.web.client.MockRestServiceServerResetTestExecutionListener, org.springframework.boot.test.autoconfigure.web.servlet.MockMvcPrintOnlyOnFailureTestExecutionListener, org.springframework.boot.test.autoconfigure.web.servlet.WebDriverTestExecutionListener, org.springframework.boot.test.autoconfigure.webservices.client.MockWebServiceServerTestExecutionListener, org.springframework.boot.test.mock.mockito.MockitoTestExecutionListener, org.springframework.boot.test.mock.mockito.ResetMocksTestExecutionListener, org.springframework.test.context.web.ServletTestExecutionListener, org.springframework.test.context.support.DirtiesContextBeforeModesTestExecutionListener, org.springframework.test.context.event.ApplicationEventsTestExecutionListener, org.springframework.test.context.support.DependencyInjectionTestExecutionListener, org.springframework.test.context.support.DirtiesContextTestExecutionListener, org.springframework.test.context.transaction.TransactionalTestExecutionListener, org.springframework.test.context.jdbc.SqlScriptsTestExecutionListener, org.springframework.test.context.event.EventPublishingTestExecutionListener]
11:03:00.384 [Test worker] INFO org.springframework.boot.test.context.SpringBootTestContextBootstrapper - Using TestExecutionListeners: [org.springframework.test.context.web.ServletTestExecutionListener@336f1079, org.springframework.test.context.support.DirtiesContextBeforeModesTestExecutionListener@2f16c6b3, org.springframework.test.context.event.ApplicationEventsTestExecutionListener@34158c08, org.springframework.boot.test.mock.mockito.MockitoTestExecutionListener@19e4fcac, org.springframework.boot.test.autoconfigure.SpringBootDependencyInjectionTestExecutionListener@52c3cb31, org.springframework.test.context.support.DirtiesContextTestExecutionListener@4b79ac84, org.springframework.test.context.transaction.TransactionalTestExecutionListener@53941c2f, org.springframework.test.context.jdbc.SqlScriptsTestExecutionListener@6dab9b6d, org.springframework.test.context.event.EventPublishingTestExecutionListener@21fd5faa, org.springframework.boot.test.autoconfigure.restdocs.RestDocsTestExecutionListener@2766ca9d, org.springframework.boot.test.autoconfigure.web.client.MockRestServiceServerResetTestExecutionListener@5460cf3a, org.springframework.boot.test.autoconfigure.web.servlet.MockMvcPrintOnlyOnFailureTestExecutionListener@65a15628, org.springframework.boot.test.autoconfigure.web.servlet.WebDriverTestExecutionListener@2e6a5539, org.springframework.boot.test.autoconfigure.webservices.client.MockWebServiceServerTestExecutionListener@3fc9504b, org.springframework.boot.test.mock.mockito.ResetMocksTestExecutionListener@6d025197]
11:03:00.388 [Test worker] DEBUG org.springframework.test.context.support.AbstractDirtiesContextTestExecutionListener - Before test class: context [DefaultTestContext@12f9af83 testClass = BoardApplicationTests, testInstance = [null], testMethod = [null], testException = [null], mergedContextConfiguration = [WebMergedContextConfiguration@19b93fa8 testClass = BoardApplicationTests, locations = '{}', classes = '{class com.practice.board.BoardApplication}', contextInitializerClasses = '[]', activeProfiles = '{}', propertySourceLocations = '{}', propertySourceProperties = '{org.springframework.boot.test.context.SpringBootTestContextBootstrapper=true}', contextCustomizers = set[org.springframework.boot.test.autoconfigure.actuate.metrics.MetricsExportContextCustomizerFactory$DisableMetricExportContextCustomizer@23e84203, org.springframework.boot.test.autoconfigure.properties.PropertyMappingContextCustomizer@0, org.springframework.boot.test.autoconfigure.web.servlet.WebDriverContextCustomizerFactory$Customizer@66982506, org.springframework.boot.test.context.filter.ExcludeFilterContextCustomizer@65987993, org.springframework.boot.test.json.DuplicateJsonObjectContextCustomizerFactory$DuplicateJsonObjectContextCustomizer@6f53b8a, org.springframework.boot.test.mock.mockito.MockitoContextCustomizer@0, org.springframework.boot.test.web.client.TestRestTemplateContextCustomizer@338fc1d8, org.springframework.boot.test.context.SpringBootTestArgs@1, org.springframework.boot.test.context.SpringBootTestWebEnvironment@1534f01b], resourceBasePath = 'src/main/webapp', contextLoader = 'org.springframework.boot.test.context.SpringBootContextLoader', parent = [null]], attributes = map['org.springframework.test.context.web.ServletTestExecutionListener.activateListener' -> true]], class annotated with @DirtiesContext [false] with mode [null].

  .   ____          _            __ _ _
 /\\ / ___'_ __ _ _(_)_ __  __ _ \ \ \ \
( ( )\___ | '_ | '_| | '_ \/ _` | \ \ \ \
 \\/  ___)| |_)| | | | | || (_| |  ) ) ) )
  '  |____| .__|_| |_|_| |_\__, | / / / /
 =========|_|==============|___/=/_/_/_/
 :: Spring Boot ::                (v2.7.0)

2022-06-16 11:03:00.754  INFO 24768 --- [    Test worker] c.practice.board.BoardApplicationTests   : Starting BoardApplicationTests using Java 1.8.0_321 on LAPTOP-779SPLH1 with PID 24768 (started by DSM2022 in C:\Users\DSM2022\Desktop\github\study\backend\springboot\board)
2022-06-16 11:03:00.767  INFO 24768 --- [    Test worker] c.practice.board.BoardApplicationTests   : No active profile set, falling back to 1 default profile: "default"
2022-06-16 11:03:01.389  INFO 24768 --- [    Test worker] .s.d.r.c.RepositoryConfigurationDelegate : Multiple Spring Data modules found, entering strict repository configuration mode!
2022-06-16 11:03:01.390  INFO 24768 --- [    Test worker] .s.d.r.c.RepositoryConfigurationDelegate : Bootstrapping Spring Data Redis repositories in DEFAULT mode.
2022-06-16 11:03:01.410  INFO 24768 --- [    Test worker] .s.d.r.c.RepositoryConfigurationDelegate : Finished Spring Data repository scanning in 6 ms. Found 0 Redis repository interfaces.
2022-06-16 11:03:01.572  INFO 24768 --- [    Test worker] .s.d.r.c.RepositoryConfigurationDelegate : Multiple Spring Data modules found, entering strict repository configuration mode!
2022-06-16 11:03:01.573  INFO 24768 --- [    Test worker] .s.d.r.c.RepositoryConfigurationDelegate : Bootstrapping Spring Data JPA repositories in DEFAULT mode.
2022-06-16 11:03:01.803  INFO 24768 --- [    Test worker] .RepositoryConfigurationExtensionSupport : Spring Data JPA - Could not safely identify store assignment for repository candidate interface com.practice.board.entity.refeshToken.RefreshTokenRepository. If you want this repository to be a JPA repository, consider annotating your entities with one of these annotations: javax.persistence.Entity, javax.persistence.MappedSuperclass (preferred), or consider extending one of the following types with your repository: org.springframework.data.jpa.repository.JpaRepository.
2022-06-16 11:03:01.830  INFO 24768 --- [    Test worker] .s.d.r.c.RepositoryConfigurationDelegate : Finished Spring Data repository scanning in 251 ms. Found 3 JPA repository interfaces.
2022-06-16 11:03:01.838  INFO 24768 --- [    Test worker] .s.d.r.c.RepositoryConfigurationDelegate : Multiple Spring Data modules found, entering strict repository configuration mode!
2022-06-16 11:03:01.838  INFO 24768 --- [    Test worker] .s.d.r.c.RepositoryConfigurationDelegate : Bootstrapping Spring Data Redis repositories in DEFAULT mode.
2022-06-16 11:03:01.850  INFO 24768 --- [    Test worker] .RepositoryConfigurationExtensionSupport : Spring Data Redis - Could not safely identify store assignment for repository candidate interface com.practice.board.entity.Board.BoardRepository. If you want this repository to be a Redis repository, consider annotating your entities with one of these annotations: org.springframework.data.redis.core.RedisHash (preferred), or consider extending one of the following types with your repository: org.springframework.data.keyvalue.repository.KeyValueRepository.
2022-06-16 11:03:01.851  INFO 24768 --- [    Test worker] .RepositoryConfigurationExtensionSupport : Spring Data Redis - Could not safely identify store assignment for repository candidate interface com.practice.board.entity.comment.CommentRepository. If you want this repository to be a Redis repository, consider annotating your entities with one of these annotations: org.springframework.data.redis.core.RedisHash (preferred), or consider extending one of the following types with your repository: org.springframework.data.keyvalue.repository.KeyValueRepository.
2022-06-16 11:03:01.855  INFO 24768 --- [    Test worker] .RepositoryConfigurationExtensionSupport : Spring Data Redis - Could not safely identify store assignment for repository candidate interface com.practice.board.entity.user.UserRepository. If you want this repository to be a Redis repository, consider annotating your entities with one of these annotations: org.springframework.data.redis.core.RedisHash (preferred), or consider extending one of the following types with your repository: org.springframework.data.keyvalue.repository.KeyValueRepository.
2022-06-16 11:03:01.864  INFO 24768 --- [    Test worker] .s.d.r.c.RepositoryConfigurationDelegate : Finished Spring Data repository scanning in 26 ms. Found 1 Redis repository interfaces.
2022-06-16 11:03:02.578  INFO 24768 --- [    Test worker] o.hibernate.jpa.internal.util.LogHelper  : HHH000204: Processing PersistenceUnitInfo [name: default]
2022-06-16 11:03:02.642  INFO 24768 --- [    Test worker] org.hibernate.Version                    : HHH000412: Hibernate ORM core version 5.6.9.Final
2022-06-16 11:03:02.886  INFO 24768 --- [    Test worker] o.hibernate.annotations.common.Version   : HCANN000001: Hibernate Commons Annotations {5.1.2.Final}
2022-06-16 11:03:03.040  INFO 24768 --- [    Test worker] com.zaxxer.hikari.HikariDataSource       : HikariPool-1 - Starting...
2022-06-16 11:03:03.273  INFO 24768 --- [    Test worker] com.zaxxer.hikari.HikariDataSource       : HikariPool-1 - Start completed.
2022-06-16 11:03:03.291  INFO 24768 --- [    Test worker] org.hibernate.dialect.Dialect            : HHH000400: Using dialect: org.hibernate.dialect.MySQL8Dialect
2022-06-16 11:03:04.064  INFO 24768 --- [    Test worker] o.h.e.t.j.p.i.JtaPlatformInitiator       : HHH000490: Using JtaPlatform implementation: [org.hibernate.engine.transaction.jta.platform.internal.NoJtaPlatform]
2022-06-16 11:03:04.073  INFO 24768 --- [    Test worker] j.LocalContainerEntityManagerFactoryBean : Initialized JPA EntityManagerFactory for persistence unit 'default'
2022-06-16 11:03:05.037  WARN 24768 --- [    Test worker] JpaBaseConfiguration$JpaWebConfiguration : spring.jpa.open-in-view is enabled by default. Therefore, database queries may be performed during view rendering. Explicitly configure spring.jpa.open-in-view to disable this warning
2022-06-16 11:03:05.499  INFO 24768 --- [    Test worker] o.s.s.web.DefaultSecurityFilterChain     : Will secure any request with [org.springframework.security.web.session.DisableEncodeUrlFilter@64a7ad02, org.springframework.security.web.context.request.async.WebAsyncManagerIntegrationFilter@46590dd0, org.springframework.security.web.context.SecurityContextPersistenceFilter@2699b656, org.springframework.security.web.header.HeaderWriterFilter@301770d9, org.springframework.security.web.authentication.logout.LogoutFilter@39840986, org.springframework.security.oauth2.client.web.OAuth2AuthorizationRequestRedirectFilter@2d9df336, org.springframework.security.oauth2.client.web.OAuth2LoginAuthenticationFilter@56a72887, com.practice.board.security.jwt.JwtFilter@6c737fdb, org.springframework.security.web.authentication.ui.DefaultLoginPageGeneratingFilter@4c614d8c, org.springframework.security.web.authentication.ui.DefaultLogoutPageGeneratingFilter@66a93b25, org.springframework.security.web.savedrequest.RequestCacheAwareFilter@49bc71b4, org.springframework.security.web.servletapi.SecurityContextHolderAwareRequestFilter@2626aa35, org.springframework.security.web.authentication.AnonymousAuthenticationFilter@3f3f554f, org.springframework.security.web.session.SessionManagementFilter@1fec9d33, org.springframework.security.web.access.ExceptionTranslationFilter@7a51dc38, org.springframework.security.web.access.intercept.FilterSecurityInterceptor@780dbed7]
2022-06-16 11:03:05.506  WARN 24768 --- [    Test worker] o.s.s.c.a.web.builders.WebSecurity       : 

********************************************************************
**********        Security debugging is enabled.       *************
**********    This may include sensitive information.  *************
**********      Do not use in a production system!     *************
********************************************************************


2022-06-16 11:03:06.307  INFO 24768 --- [    Test worker] c.practice.board.BoardApplicationTests   : Started BoardApplicationTests in 5.888 seconds (JVM running for 7.499)
com.practice.board.setting.SecurityProperty$$EnhancerBySpringCGLIB$$841379b8@592cb470
]]></system-out>
  <system-err><![CDATA[]]></system-err>
</testsuite>
